CRITICAL - 2023-03-15 00:23:47 --> Undefined property: App\Controllers\AuthController::$session
in APPPATH/Controllers/AuthController.php on line 35.
 1 APPPATH/Controllers/AuthController.php(35): CodeIgniter\Debug\Exceptions->errorHandler()
 2 SYSTEMPATH/CodeIgniter.php(934): App\Controllers\AuthController->login()
 3 SYSTEMPATH/CodeIgniter.php(499): CodeIgniter\CodeIgniter->runController()
 4 SYSTEMPATH/CodeIgniter.php(368): CodeIgniter\CodeIgniter->handleRequest()
 5 FCPATH/index.php(67): CodeIgniter\CodeIgniter->run()
CRITICAL - 2023-03-15 00:24:53 --> Call to undefined function App\Controllers\set_cookie()
in APPPATH/Controllers/AuthController.php on line 37.
 1 SYSTEMPATH/CodeIgniter.php(934): App\Controllers\AuthController->login()
 2 SYSTEMPATH/CodeIgniter.php(499): CodeIgniter\CodeIgniter->runController()
 3 SYSTEMPATH/CodeIgniter.php(368): CodeIgniter\CodeIgniter->handleRequest()
 4 FCPATH/index.php(67): CodeIgniter\CodeIgniter->run()
CRITICAL - 2023-03-15 00:25:24 --> Undefined property: App\Controllers\AuthController::$session
in APPPATH/Controllers/AuthController.php on line 45.
 1 APPPATH/Controllers/AuthController.php(45): CodeIgniter\Debug\Exceptions->errorHandler()
 2 SYSTEMPATH/CodeIgniter.php(934): App\Controllers\AuthController->login()
 3 SYSTEMPATH/CodeIgniter.php(499): CodeIgniter\CodeIgniter->runController()
 4 SYSTEMPATH/CodeIgniter.php(368): CodeIgniter\CodeIgniter->handleRequest()
 5 FCPATH/index.php(67): CodeIgniter\CodeIgniter->run()
CRITICAL - 2023-03-15 00:28:32 --> Call to undefined function form_open()
in APPPATH/Views/login.php on line 16.
 1 SYSTEMPATH/View/View.php(213): include()
 2 SYSTEMPATH/View/View.php(216): CodeIgniter\View\View->CodeIgniter\View\{closure}()
 3 SYSTEMPATH/Common.php(1184): CodeIgniter\View\View->render()
 4 APPPATH/Controllers/AuthController.php(50): view()
 5 SYSTEMPATH/CodeIgniter.php(934): App\Controllers\AuthController->login()
 6 SYSTEMPATH/CodeIgniter.php(499): CodeIgniter\CodeIgniter->runController()
 7 SYSTEMPATH/CodeIgniter.php(368): CodeIgniter\CodeIgniter->handleRequest()
 8 FCPATH/index.php(67): CodeIgniter\CodeIgniter->run()
CRITICAL - 2023-03-15 00:28:34 --> Call to undefined function form_open()
in APPPATH/Views/login.php on line 16.
 1 SYSTEMPATH/View/View.php(213): include()
 2 SYSTEMPATH/View/View.php(216): CodeIgniter\View\View->CodeIgniter\View\{closure}()
 3 SYSTEMPATH/Common.php(1184): CodeIgniter\View\View->render()
 4 APPPATH/Controllers/AuthController.php(50): view()
 5 SYSTEMPATH/CodeIgniter.php(934): App\Controllers\AuthController->login()
 6 SYSTEMPATH/CodeIgniter.php(499): CodeIgniter\CodeIgniter->runController()
 7 SYSTEMPATH/CodeIgniter.php(368): CodeIgniter\CodeIgniter->handleRequest()
 8 FCPATH/index.php(67): CodeIgniter\CodeIgniter->run()
CRITICAL - 2023-03-15 00:28:59 --> Call to undefined function form_open()
in APPPATH/Views/login.php on line 16.
 1 SYSTEMPATH/View/View.php(213): include()
 2 SYSTEMPATH/View/View.php(216): CodeIgniter\View\View->CodeIgniter\View\{closure}()
 3 SYSTEMPATH/Common.php(1184): CodeIgniter\View\View->render()
 4 APPPATH/Controllers/AuthController.php(50): view()
 5 SYSTEMPATH/CodeIgniter.php(934): App\Controllers\AuthController->login()
 6 SYSTEMPATH/CodeIgniter.php(499): CodeIgniter\CodeIgniter->runController()
 7 SYSTEMPATH/CodeIgniter.php(368): CodeIgniter\CodeIgniter->handleRequest()
 8 FCPATH/index.php(67): CodeIgniter\CodeIgniter->run()
CRITICAL - 2023-03-15 00:29:15 --> Call to undefined function form_open()
in APPPATH/Views/login.php on line 16.
 1 SYSTEMPATH/View/View.php(213): include()
 2 SYSTEMPATH/View/View.php(216): CodeIgniter\View\View->CodeIgniter\View\{closure}()
 3 SYSTEMPATH/Common.php(1184): CodeIgniter\View\View->render()
 4 APPPATH/Controllers/AuthController.php(50): view()
 5 SYSTEMPATH/CodeIgniter.php(934): App\Controllers\AuthController->login()
 6 SYSTEMPATH/CodeIgniter.php(499): CodeIgniter\CodeIgniter->runController()
 7 SYSTEMPATH/CodeIgniter.php(368): CodeIgniter\CodeIgniter->handleRequest()
 8 FCPATH/index.php(67): CodeIgniter\CodeIgniter->run()
CRITICAL - 2023-03-15 00:29:16 --> Call to undefined function form_open()
in APPPATH/Views/login.php on line 16.
 1 SYSTEMPATH/View/View.php(213): include()
 2 SYSTEMPATH/View/View.php(216): CodeIgniter\View\View->CodeIgniter\View\{closure}()
 3 SYSTEMPATH/Common.php(1184): CodeIgniter\View\View->render()
 4 APPPATH/Controllers/AuthController.php(50): view()
 5 SYSTEMPATH/CodeIgniter.php(934): App\Controllers\AuthController->login()
 6 SYSTEMPATH/CodeIgniter.php(499): CodeIgniter\CodeIgniter->runController()
 7 SYSTEMPATH/CodeIgniter.php(368): CodeIgniter\CodeIgniter->handleRequest()
 8 FCPATH/index.php(67): CodeIgniter\CodeIgniter->run()
CRITICAL - 2023-03-15 00:29:17 --> Call to undefined function form_open()
in APPPATH/Views/login.php on line 16.
 1 SYSTEMPATH/View/View.php(213): include()
 2 SYSTEMPATH/View/View.php(216): CodeIgniter\View\View->CodeIgniter\View\{closure}()
 3 SYSTEMPATH/Common.php(1184): CodeIgniter\View\View->render()
 4 APPPATH/Controllers/AuthController.php(50): view()
 5 SYSTEMPATH/CodeIgniter.php(934): App\Controllers\AuthController->login()
 6 SYSTEMPATH/CodeIgniter.php(499): CodeIgniter\CodeIgniter->runController()
 7 SYSTEMPATH/CodeIgniter.php(368): CodeIgniter\CodeIgniter->handleRequest()
 8 FCPATH/index.php(67): CodeIgniter\CodeIgniter->run()
CRITICAL - 2023-03-15 00:30:04 --> Call to undefined function form_open()
in APPPATH/Views/login.php on line 16.
 1 SYSTEMPATH/View/View.php(213): include()
 2 SYSTEMPATH/View/View.php(216): CodeIgniter\View\View->CodeIgniter\View\{closure}()
 3 SYSTEMPATH/Common.php(1184): CodeIgniter\View\View->render()
 4 APPPATH/Controllers/AuthController.php(50): view()
 5 SYSTEMPATH/CodeIgniter.php(934): App\Controllers\AuthController->login()
 6 SYSTEMPATH/CodeIgniter.php(499): CodeIgniter\CodeIgniter->runController()
 7 SYSTEMPATH/CodeIgniter.php(368): CodeIgniter\CodeIgniter->handleRequest()
 8 FCPATH/index.php(67): CodeIgniter\CodeIgniter->run()
CRITICAL - 2023-03-15 00:30:16 --> Call to undefined function form_open()
in APPPATH/Views/login.php on line 16.
 1 SYSTEMPATH/View/View.php(213): include()
 2 SYSTEMPATH/View/View.php(216): CodeIgniter\View\View->CodeIgniter\View\{closure}()
 3 SYSTEMPATH/Common.php(1184): CodeIgniter\View\View->render()
 4 APPPATH/Controllers/AuthController.php(50): view()
 5 SYSTEMPATH/CodeIgniter.php(934): App\Controllers\AuthController->login()
 6 SYSTEMPATH/CodeIgniter.php(499): CodeIgniter\CodeIgniter->runController()
 7 SYSTEMPATH/CodeIgniter.php(368): CodeIgniter\CodeIgniter->handleRequest()
 8 FCPATH/index.php(67): CodeIgniter\CodeIgniter->run()
CRITICAL - 2023-03-15 00:30:17 --> Call to undefined function form_open()
in APPPATH/Views/login.php on line 16.
 1 SYSTEMPATH/View/View.php(213): include()
 2 SYSTEMPATH/View/View.php(216): CodeIgniter\View\View->CodeIgniter\View\{closure}()
 3 SYSTEMPATH/Common.php(1184): CodeIgniter\View\View->render()
 4 APPPATH/Controllers/AuthController.php(50): view()
 5 SYSTEMPATH/CodeIgniter.php(934): App\Controllers\AuthController->login()
 6 SYSTEMPATH/CodeIgniter.php(499): CodeIgniter\CodeIgniter->runController()
 7 SYSTEMPATH/CodeIgniter.php(368): CodeIgniter\CodeIgniter->handleRequest()
 8 FCPATH/index.php(67): CodeIgniter\CodeIgniter->run()
CRITICAL - 2023-03-15 00:31:00 --> Undefined property: App\Controllers\AuthController::$session
in APPPATH/Controllers/AuthController.php on line 45.
 1 APPPATH/Controllers/AuthController.php(45): CodeIgniter\Debug\Exceptions->errorHandler()
 2 SYSTEMPATH/CodeIgniter.php(934): App\Controllers\AuthController->login()
 3 SYSTEMPATH/CodeIgniter.php(499): CodeIgniter\CodeIgniter->runController()
 4 SYSTEMPATH/CodeIgniter.php(368): CodeIgniter\CodeIgniter->handleRequest()
 5 FCPATH/index.php(67): CodeIgniter\CodeIgniter->run()
CRITICAL - 2023-03-15 00:34:28 --> Call to undefined function App\Controllers\set_cookie()
in APPPATH/Controllers/AuthController.php on line 35.
 1 SYSTEMPATH/CodeIgniter.php(934): App\Controllers\AuthController->login()
 2 SYSTEMPATH/CodeIgniter.php(499): CodeIgniter\CodeIgniter->runController()
 3 SYSTEMPATH/CodeIgniter.php(368): CodeIgniter\CodeIgniter->handleRequest()
 4 FCPATH/index.php(67): CodeIgniter\CodeIgniter->run()
CRITICAL - 2023-03-15 01:03:12 --> Undefined array key "user"
in APPPATH/Controllers/AuthController.php on line 48.
 1 APPPATH/Controllers/AuthController.php(48): CodeIgniter\Debug\Exceptions->errorHandler()
 2 SYSTEMPATH/CodeIgniter.php(934): App\Controllers\AuthController->login()
 3 SYSTEMPATH/CodeIgniter.php(499): CodeIgniter\CodeIgniter->runController()
 4 SYSTEMPATH/CodeIgniter.php(368): CodeIgniter\CodeIgniter->handleRequest()
 5 FCPATH/index.php(67): CodeIgniter\CodeIgniter->run()
CRITICAL - 2023-03-15 01:04:54 --> view(): Argument #2 ($data) must be of type array, string given, called in /var/www/htdocs/demo/app/Controllers/AuthController.php on line 39
in SYSTEMPATH/Common.php on line 1172.
 1 APPPATH/Controllers/AuthController.php(39): view()
 2 SYSTEMPATH/CodeIgniter.php(934): App\Controllers\AuthController->login()
 3 SYSTEMPATH/CodeIgniter.php(499): CodeIgniter\CodeIgniter->runController()
 4 SYSTEMPATH/CodeIgniter.php(368): CodeIgniter\CodeIgniter->handleRequest()
 5 FCPATH/index.php(67): CodeIgniter\CodeIgniter->run()
CRITICAL - 2023-03-15 01:05:28 --> Undefined constant "App\Controllers\message"
in APPPATH/Controllers/AuthController.php on line 38.
 1 SYSTEMPATH/CodeIgniter.php(934): App\Controllers\AuthController->login()
 2 SYSTEMPATH/CodeIgniter.php(499): CodeIgniter\CodeIgniter->runController()
 3 SYSTEMPATH/CodeIgniter.php(368): CodeIgniter\CodeIgniter->handleRequest()
 4 FCPATH/index.php(67): CodeIgniter\CodeIgniter->run()
CRITICAL - 2023-03-15 01:06:52 --> Undefined variable $data
in APPPATH/Views/main.php on line 12.
 1 APPPATH/Views/main.php(12): CodeIgniter\Debug\Exceptions->errorHandler()
 2 SYSTEMPATH/View/View.php(213): include('APPPATH/Views/main.php')
 3 SYSTEMPATH/View/View.php(216): CodeIgniter\View\View->CodeIgniter\View\{closure}()
 4 SYSTEMPATH/Common.php(1184): CodeIgniter\View\View->render()
 5 APPPATH/Controllers/AuthController.php(39): view()
 6 SYSTEMPATH/CodeIgniter.php(934): App\Controllers\AuthController->login()
 7 SYSTEMPATH/CodeIgniter.php(499): CodeIgniter\CodeIgniter->runController()
 8 SYSTEMPATH/CodeIgniter.php(368): CodeIgniter\CodeIgniter->handleRequest()
 9 FCPATH/index.php(67): CodeIgniter\CodeIgniter->run()
CRITICAL - 2023-03-15 01:07:02 --> Undefined variable $data
in APPPATH/Views/main.php on line 12.
 1 APPPATH/Views/main.php(12): CodeIgniter\Debug\Exceptions->errorHandler()
 2 SYSTEMPATH/View/View.php(213): include('APPPATH/Views/main.php')
 3 SYSTEMPATH/View/View.php(216): CodeIgniter\View\View->CodeIgniter\View\{closure}()
 4 SYSTEMPATH/Common.php(1184): CodeIgniter\View\View->render()
 5 APPPATH/Controllers/AuthController.php(39): view()
 6 SYSTEMPATH/CodeIgniter.php(934): App\Controllers\AuthController->login()
 7 SYSTEMPATH/CodeIgniter.php(499): CodeIgniter\CodeIgniter->runController()
 8 SYSTEMPATH/CodeIgniter.php(368): CodeIgniter\CodeIgniter->handleRequest()
 9 FCPATH/index.php(67): CodeIgniter\CodeIgniter->run()
CRITICAL - 2023-03-15 01:19:42 --> Call to a member function remove() on null
in APPPATH/Controllers/AuthController.php on line 58.
 1 SYSTEMPATH/CodeIgniter.php(934): App\Controllers\AuthController->logout()
 2 SYSTEMPATH/CodeIgniter.php(499): CodeIgniter\CodeIgniter->runController()
 3 SYSTEMPATH/CodeIgniter.php(368): CodeIgniter\CodeIgniter->handleRequest()
 4 FCPATH/index.php(67): CodeIgniter\CodeIgniter->run()
CRITICAL - 2023-03-15 01:20:15 --> Call to a member function remove() on null
in APPPATH/Controllers/AuthController.php on line 58.
 1 SYSTEMPATH/CodeIgniter.php(934): App\Controllers\AuthController->logout()
 2 SYSTEMPATH/CodeIgniter.php(499): CodeIgniter\CodeIgniter->runController()
 3 SYSTEMPATH/CodeIgniter.php(368): CodeIgniter\CodeIgniter->handleRequest()
 4 FCPATH/index.php(67): CodeIgniter\CodeIgniter->run()
CRITICAL - 2023-03-15 01:20:32 --> Call to a member function remove() on null
in APPPATH/Controllers/AuthController.php on line 58.
 1 SYSTEMPATH/CodeIgniter.php(934): App\Controllers\AuthController->logout()
 2 SYSTEMPATH/CodeIgniter.php(499): CodeIgniter\CodeIgniter->runController()
 3 SYSTEMPATH/CodeIgniter.php(368): CodeIgniter\CodeIgniter->handleRequest()
 4 FCPATH/index.php(67): CodeIgniter\CodeIgniter->run()
CRITICAL - 2023-03-15 01:20:53 --> Call to a member function remove() on null
in APPPATH/Controllers/AuthController.php on line 58.
 1 SYSTEMPATH/CodeIgniter.php(934): App\Controllers\AuthController->logout()
 2 SYSTEMPATH/CodeIgniter.php(499): CodeIgniter\CodeIgniter->runController()
 3 SYSTEMPATH/CodeIgniter.php(368): CodeIgniter\CodeIgniter->handleRequest()
 4 FCPATH/index.php(67): CodeIgniter\CodeIgniter->run()
CRITICAL - 2023-03-15 01:21:37 --> Call to a member function remove() on null
in APPPATH/Controllers/AuthController.php on line 58.
 1 SYSTEMPATH/CodeIgniter.php(934): App\Controllers\AuthController->logout()
 2 SYSTEMPATH/CodeIgniter.php(499): CodeIgniter\CodeIgniter->runController()
 3 SYSTEMPATH/CodeIgniter.php(368): CodeIgniter\CodeIgniter->handleRequest()
 4 FCPATH/index.php(67): CodeIgniter\CodeIgniter->run()
CRITICAL - 2023-03-15 01:21:52 --> Call to a member function remove() on null
in APPPATH/Controllers/AuthController.php on line 58.
 1 SYSTEMPATH/CodeIgniter.php(934): App\Controllers\AuthController->logout()
 2 SYSTEMPATH/CodeIgniter.php(499): CodeIgniter\CodeIgniter->runController()
 3 SYSTEMPATH/CodeIgniter.php(368): CodeIgniter\CodeIgniter->handleRequest()
 4 FCPATH/index.php(67): CodeIgniter\CodeIgniter->run()
CRITICAL - 2023-03-15 01:22:08 --> Call to a member function remove() on null
in APPPATH/Controllers/AuthController.php on line 58.
 1 SYSTEMPATH/CodeIgniter.php(934): App\Controllers\AuthController->logout()
 2 SYSTEMPATH/CodeIgniter.php(499): CodeIgniter\CodeIgniter->runController()
 3 SYSTEMPATH/CodeIgniter.php(368): CodeIgniter\CodeIgniter->handleRequest()
 4 FCPATH/index.php(67): CodeIgniter\CodeIgniter->run()
CRITICAL - 2023-03-15 01:22:33 --> Undefined variable $session
in APPPATH/Controllers/AuthController.php on line 58.
 1 APPPATH/Controllers/AuthController.php(58): CodeIgniter\Debug\Exceptions->errorHandler()
 2 SYSTEMPATH/CodeIgniter.php(934): App\Controllers\AuthController->logout()
 3 SYSTEMPATH/CodeIgniter.php(499): CodeIgniter\CodeIgniter->runController()
 4 SYSTEMPATH/CodeIgniter.php(368): CodeIgniter\CodeIgniter->handleRequest()
 5 FCPATH/index.php(67): CodeIgniter\CodeIgniter->run()
CRITICAL - 2023-03-15 01:24:05 --> Call to undefined method CodeIgniter\Session\Session::session_destroy()
in APPPATH/Controllers/AuthController.php on line 58.
 1 SYSTEMPATH/CodeIgniter.php(934): App\Controllers\AuthController->logout()
 2 SYSTEMPATH/CodeIgniter.php(499): CodeIgniter\CodeIgniter->runController()
 3 SYSTEMPATH/CodeIgniter.php(368): CodeIgniter\CodeIgniter->handleRequest()
 4 FCPATH/index.php(67): CodeIgniter\CodeIgniter->run()
CRITICAL - 2023-03-15 01:24:34 --> Undefined variable $sesssion
in APPPATH/Controllers/AuthController.php on line 59.
 1 APPPATH/Controllers/AuthController.php(59): CodeIgniter\Debug\Exceptions->errorHandler()
 2 SYSTEMPATH/CodeIgniter.php(934): App\Controllers\AuthController->logout()
 3 SYSTEMPATH/CodeIgniter.php(499): CodeIgniter\CodeIgniter->runController()
 4 SYSTEMPATH/CodeIgniter.php(368): CodeIgniter\CodeIgniter->handleRequest()
 5 FCPATH/index.php(67): CodeIgniter\CodeIgniter->run()
CRITICAL - 2023-03-15 01:24:41 --> Call to undefined function App\Controllers\delete_cookie()
in APPPATH/Controllers/AuthController.php on line 60.
 1 SYSTEMPATH/CodeIgniter.php(934): App\Controllers\AuthController->logout()
 2 SYSTEMPATH/CodeIgniter.php(499): CodeIgniter\CodeIgniter->runController()
 3 SYSTEMPATH/CodeIgniter.php(368): CodeIgniter\CodeIgniter->handleRequest()
 4 FCPATH/index.php(67): CodeIgniter\CodeIgniter->run()
CRITICAL - 2023-03-15 01:27:40 --> Cannot use object of type CodeIgniter\Session\Session as array
in APPPATH/Controllers/AuthController.php on line 62.
 1 SYSTEMPATH/CodeIgniter.php(934): App\Controllers\AuthController->logout()
 2 SYSTEMPATH/CodeIgniter.php(499): CodeIgniter\CodeIgniter->runController()
 3 SYSTEMPATH/CodeIgniter.php(368): CodeIgniter\CodeIgniter->handleRequest()
 4 FCPATH/index.php(67): CodeIgniter\CodeIgniter->run()
CRITICAL - 2023-03-15 01:28:47 --> Call to undefined function form_open()
in APPPATH/Views/login.php on line 16.
 1 SYSTEMPATH/View/View.php(213): include()
 2 SYSTEMPATH/View/View.php(216): CodeIgniter\View\View->CodeIgniter\View\{closure}()
 3 SYSTEMPATH/Common.php(1184): CodeIgniter\View\View->render()
 4 APPPATH/Controllers/AuthController.php(70): view()
 5 SYSTEMPATH/CodeIgniter.php(934): App\Controllers\AuthController->logout()
 6 SYSTEMPATH/CodeIgniter.php(499): CodeIgniter\CodeIgniter->runController()
 7 SYSTEMPATH/CodeIgniter.php(368): CodeIgniter\CodeIgniter->handleRequest()
 8 FCPATH/index.php(67): CodeIgniter\CodeIgniter->run()
CRITICAL - 2023-03-15 01:33:25 --> Undefined array key "user"
in APPPATH/Controllers/AuthController.php on line 49.
 1 APPPATH/Controllers/AuthController.php(49): CodeIgniter\Debug\Exceptions->errorHandler()
 2 SYSTEMPATH/CodeIgniter.php(934): App\Controllers\AuthController->login()
 3 SYSTEMPATH/CodeIgniter.php(499): CodeIgniter\CodeIgniter->runController()
 4 SYSTEMPATH/CodeIgniter.php(368): CodeIgniter\CodeIgniter->handleRequest()
 5 FCPATH/index.php(67): CodeIgniter\CodeIgniter->run()
CRITICAL - 2023-03-15 01:36:25 --> Undefined array key "user"
in APPPATH/Controllers/AuthController.php on line 65.
 1 APPPATH/Controllers/AuthController.php(65): CodeIgniter\Debug\Exceptions->errorHandler()
 2 SYSTEMPATH/CodeIgniter.php(934): App\Controllers\AuthController->logout()
 3 SYSTEMPATH/CodeIgniter.php(499): CodeIgniter\CodeIgniter->runController()
 4 SYSTEMPATH/CodeIgniter.php(368): CodeIgniter\CodeIgniter->handleRequest()
 5 FCPATH/index.php(67): CodeIgniter\CodeIgniter->run()
CRITICAL - 2023-03-15 01:42:04 --> Undefined array key "user"
in APPPATH/Controllers/AuthController.php on line 65.
 1 APPPATH/Controllers/AuthController.php(65): CodeIgniter\Debug\Exceptions->errorHandler()
 2 SYSTEMPATH/CodeIgniter.php(934): App\Controllers\AuthController->logout()
 3 SYSTEMPATH/CodeIgniter.php(499): CodeIgniter\CodeIgniter->runController()
 4 SYSTEMPATH/CodeIgniter.php(368): CodeIgniter\CodeIgniter->handleRequest()
 5 FCPATH/index.php(67): CodeIgniter\CodeIgniter->run()
CRITICAL - 2023-03-15 01:42:11 --> Undefined array key "user"
in APPPATH/Controllers/AuthController.php on line 65.
 1 APPPATH/Controllers/AuthController.php(65): CodeIgniter\Debug\Exceptions->errorHandler()
 2 SYSTEMPATH/CodeIgniter.php(934): App\Controllers\AuthController->logout()
 3 SYSTEMPATH/CodeIgniter.php(499): CodeIgniter\CodeIgniter->runController()
 4 SYSTEMPATH/CodeIgniter.php(368): CodeIgniter\CodeIgniter->handleRequest()
 5 FCPATH/index.php(67): CodeIgniter\CodeIgniter->run()
CRITICAL - 2023-03-15 01:42:14 --> Undefined array key "user"
in APPPATH/Controllers/AuthController.php on line 65.
 1 APPPATH/Controllers/AuthController.php(65): CodeIgniter\Debug\Exceptions->errorHandler()
 2 SYSTEMPATH/CodeIgniter.php(934): App\Controllers\AuthController->logout()
 3 SYSTEMPATH/CodeIgniter.php(499): CodeIgniter\CodeIgniter->runController()
 4 SYSTEMPATH/CodeIgniter.php(368): CodeIgniter\CodeIgniter->handleRequest()
 5 FCPATH/index.php(67): CodeIgniter\CodeIgniter->run()
CRITICAL - 2023-03-15 02:54:06 --> Undefined array key "user"
in APPPATH/Controllers/AuthController.php on line 65.
 1 APPPATH/Controllers/AuthController.php(65): CodeIgniter\Debug\Exceptions->errorHandler()
 2 SYSTEMPATH/CodeIgniter.php(934): App\Controllers\AuthController->logout()
 3 SYSTEMPATH/CodeIgniter.php(499): CodeIgniter\CodeIgniter->runController()
 4 SYSTEMPATH/CodeIgniter.php(368): CodeIgniter\CodeIgniter->handleRequest()
 5 FCPATH/index.php(67): CodeIgniter\CodeIgniter->run()
CRITICAL - 2023-03-15 02:54:13 --> Undefined array key "user"
in APPPATH/Controllers/AuthController.php on line 65.
 1 APPPATH/Controllers/AuthController.php(65): CodeIgniter\Debug\Exceptions->errorHandler()
 2 SYSTEMPATH/CodeIgniter.php(934): App\Controllers\AuthController->logout()
 3 SYSTEMPATH/CodeIgniter.php(499): CodeIgniter\CodeIgniter->runController()
 4 SYSTEMPATH/CodeIgniter.php(368): CodeIgniter\CodeIgniter->handleRequest()
 5 FCPATH/index.php(67): CodeIgniter\CodeIgniter->run()
CRITICAL - 2023-03-15 04:51:28 --> Could not check compatibility between App\Controllers\Helloworld::initController(App\Controllers\RequestInterface $request, App\Controllers\ResponseInterface $response, App\Controllers\LoggerInterface $logger) and App\Controllers\BaseController::initController(CodeIgniter\HTTP\RequestInterface $request, CodeIgniter\HTTP\ResponseInterface $response, Psr\Log\LoggerInterface $logger), because class App\Controllers\RequestInterface is not available
in APPPATH/Controllers/Helloworld.php on line 11.
 1 [internal function]: CodeIgniter\Debug\Exceptions->shutdownHandler()
CRITICAL - 2023-03-15 04:52:26 --> Could not check compatibility between App\Controllers\Helloworld::initController(CodeIgniter\HTTP\RequestInterface $request, CodeIgniter\HTTP\ResponseInterface $response, App\Controllers\LoggerInterface $logger) and App\Controllers\BaseController::initController(CodeIgniter\HTTP\RequestInterface $request, CodeIgniter\HTTP\ResponseInterface $response, Psr\Log\LoggerInterface $logger), because class App\Controllers\LoggerInterface is not available
in APPPATH/Controllers/Helloworld.php on line 11.
 1 [internal function]: CodeIgniter\Debug\Exceptions->shutdownHandler()
CRITICAL - 2023-03-15 04:57:15 --> Too few arguments to function App\Controllers\Helloworld::index(), 0 passed in /var/www/htdocs/demo/system/CodeIgniter.php on line 934 and exactly 2 expected
in APPPATH/Controllers/Helloworld.php on line 11.
 1 SYSTEMPATH/CodeIgniter.php(934): App\Controllers\Helloworld->index()
 2 SYSTEMPATH/CodeIgniter.php(499): CodeIgniter\CodeIgniter->runController()
 3 SYSTEMPATH/CodeIgniter.php(368): CodeIgniter\CodeIgniter->handleRequest()
 4 FCPATH/index.php(67): CodeIgniter\CodeIgniter->run()
CRITICAL - 2023-03-15 04:59:24 --> Too few arguments to function App\Controllers\Helloworld::index(), 0 passed in /var/www/htdocs/demo/system/CodeIgniter.php on line 934 and exactly 2 expected
in APPPATH/Controllers/Helloworld.php on line 11.
 1 SYSTEMPATH/CodeIgniter.php(934): App\Controllers\Helloworld->index()
 2 SYSTEMPATH/CodeIgniter.php(499): CodeIgniter\CodeIgniter->runController()
 3 SYSTEMPATH/CodeIgniter.php(368): CodeIgniter\CodeIgniter->handleRequest()
 4 FCPATH/index.php(67): CodeIgniter\CodeIgniter->run()
CRITICAL - 2023-03-15 04:59:25 --> Too few arguments to function App\Controllers\Helloworld::index(), 0 passed in /var/www/htdocs/demo/system/CodeIgniter.php on line 934 and exactly 2 expected
in APPPATH/Controllers/Helloworld.php on line 11.
 1 SYSTEMPATH/CodeIgniter.php(934): App\Controllers\Helloworld->index()
 2 SYSTEMPATH/CodeIgniter.php(499): CodeIgniter\CodeIgniter->runController()
 3 SYSTEMPATH/CodeIgniter.php(368): CodeIgniter\CodeIgniter->handleRequest()
 4 FCPATH/index.php(67): CodeIgniter\CodeIgniter->run()
CRITICAL - 2023-03-15 04:59:37 --> Too few arguments to function App\Controllers\Helloworld::index(), 0 passed in /var/www/htdocs/demo/system/CodeIgniter.php on line 934 and exactly 2 expected
in APPPATH/Controllers/Helloworld.php on line 11.
 1 SYSTEMPATH/CodeIgniter.php(934): App\Controllers\Helloworld->index()
 2 SYSTEMPATH/CodeIgniter.php(499): CodeIgniter\CodeIgniter->runController()
 3 SYSTEMPATH/CodeIgniter.php(368): CodeIgniter\CodeIgniter->handleRequest()
 4 FCPATH/index.php(67): CodeIgniter\CodeIgniter->run()
CRITICAL - 2023-03-15 23:45:01 --> Call to undefined function form_open()
in APPPATH/Views/login.php on line 16.
 1 SYSTEMPATH/View/View.php(213): include()
 2 SYSTEMPATH/View/View.php(216): CodeIgniter\View\View->CodeIgniter\View\{closure}()
 3 SYSTEMPATH/Common.php(1184): CodeIgniter\View\View->render()
 4 APPPATH/Controllers/AuthController.php(20): view()
 5 SYSTEMPATH/CodeIgniter.php(934): App\Controllers\AuthController->login()
 6 SYSTEMPATH/CodeIgniter.php(499): CodeIgniter\CodeIgniter->runController()
 7 SYSTEMPATH/CodeIgniter.php(368): CodeIgniter\CodeIgniter->handleRequest()
 8 FCPATH/index.php(67): CodeIgniter\CodeIgniter->run()
CRITICAL - 2023-03-15 23:53:40 --> Undefined constant "App\Controllers\help"
in APPPATH/Controllers/AuthController.php on line 30.
 1 SYSTEMPATH/CodeIgniter.php(934): App\Controllers\AuthController->login()
 2 SYSTEMPATH/CodeIgniter.php(499): CodeIgniter\CodeIgniter->runController()
 3 SYSTEMPATH/CodeIgniter.php(368): CodeIgniter\CodeIgniter->handleRequest()
 4 FCPATH/index.php(67): CodeIgniter\CodeIgniter->run()
CRITICAL - 2023-03-15 23:54:11 --> Undefined constant "App\Controllers\helper"
in APPPATH/Controllers/AuthController.php on line 30.
 1 SYSTEMPATH/CodeIgniter.php(934): App\Controllers\AuthController->login()
 2 SYSTEMPATH/CodeIgniter.php(499): CodeIgniter\CodeIgniter->runController()
 3 SYSTEMPATH/CodeIgniter.php(368): CodeIgniter\CodeIgniter->handleRequest()
 4 FCPATH/index.php(67): CodeIgniter\CodeIgniter->run()
CRITICAL - 2023-03-15 23:58:24 --> Call to undefined function form_open()
in APPPATH/Views/login.php on line 16.
 1 SYSTEMPATH/View/View.php(213): include()
 2 SYSTEMPATH/View/View.php(216): CodeIgniter\View\View->CodeIgniter\View\{closure}()
 3 SYSTEMPATH/Common.php(1184): CodeIgniter\View\View->render()
 4 APPPATH/Controllers/AuthController.php(45): view()
 5 SYSTEMPATH/CodeIgniter.php(934): App\Controllers\AuthController->login()
 6 SYSTEMPATH/CodeIgniter.php(499): CodeIgniter\CodeIgniter->runController()
 7 SYSTEMPATH/CodeIgniter.php(368): CodeIgniter\CodeIgniter->handleRequest()
 8 FCPATH/index.php(67): CodeIgniter\CodeIgniter->run()
