CRITICAL - 2023-03-30 00:18:19 --> Undefined global variable $_SESSION
in APPPATH/Controllers/AuthController.php on line 104.
 1 APPPATH/Controllers/AuthController.php(104): CodeIgniter\Debug\Exceptions->errorHandler()
 2 SYSTEMPATH/CodeIgniter.php(934): App\Controllers\AuthController->getAJAXResult()
 3 SYSTEMPATH/CodeIgniter.php(499): CodeIgniter\CodeIgniter->runController()
 4 SYSTEMPATH/CodeIgniter.php(368): CodeIgniter\CodeIgniter->handleRequest()
 5 FCPATH/index.php(67): CodeIgniter\CodeIgniter->run()
CRITICAL - 2023-03-30 00:18:46 --> Undefined global variable $_SESSION
in APPPATH/Controllers/AuthController.php on line 104.
 1 APPPATH/Controllers/AuthController.php(104): CodeIgniter\Debug\Exceptions->errorHandler()
 2 SYSTEMPATH/CodeIgniter.php(934): App\Controllers\AuthController->getAJAXResult()
 3 SYSTEMPATH/CodeIgniter.php(499): CodeIgniter\CodeIgniter->runController()
 4 SYSTEMPATH/CodeIgniter.php(368): CodeIgniter\CodeIgniter->handleRequest()
 5 FCPATH/index.php(67): CodeIgniter\CodeIgniter->run()
ERROR - 2023-03-30 00:24:27 --> Email: Unable to send email using PHP mail(). Your server might not be configured to send mail using this method.
ERROR - 2023-03-30 00:24:27 --> 
ERROR - 2023-03-30 00:26:34 --> Email: Unable to send email using PHP mail(). Your server might not be configured to send mail using this method.
ERROR - 2023-03-30 00:26:34 --> 
ERROR - 2023-03-30 00:27:23 --> Email: Unable to send email using PHP mail(). Your server might not be configured to send mail using this method.
ERROR - 2023-03-30 00:27:23 --> 
CRITICAL - 2023-03-30 00:28:40 --> Undefined variable $email
in APPPATH/Controllers/EmailController.php on line 31.
 1 APPPATH/Controllers/EmailController.php(31): CodeIgniter\Debug\Exceptions->errorHandler()
 2 SYSTEMPATH/CodeIgniter.php(934): App\Controllers\EmailController->send()
 3 SYSTEMPATH/CodeIgniter.php(499): CodeIgniter\CodeIgniter->runController()
 4 SYSTEMPATH/CodeIgniter.php(368): CodeIgniter\CodeIgniter->handleRequest()
 5 FCPATH/index.php(67): CodeIgniter\CodeIgniter->run()
ERROR - 2023-03-30 00:30:15 --> Email: Unable to send email using PHP mail(). Your server might not be configured to send mail using this method.
ERROR - 2023-03-30 00:30:15 --> 
ERROR - 2023-03-30 00:31:26 --> Email: Unable to send email using PHP mail(). Your server might not be configured to send mail using this method.
ERROR - 2023-03-30 00:31:26 --> 
ERROR - 2023-03-30 00:33:19 --> Email: Unable to send email using PHP mail(). Your server might not be configured to send mail using this method.
ERROR - 2023-03-30 00:33:19 --> 
ERROR - 2023-03-30 04:35:56 --> Email: Unable to send email using SMTP. Your server might not be configured to send mail using this method.
ERROR - 2023-03-30 04:35:56 --> 220 mailhub.eait.uq.edu.au ESMTP Sendmail 8.15.1/8.15.1; Thu, 30 Mar 2023 14:35:50 +1000 (AEST)

hello: 250-mailhub.eait.uq.edu.au Hello infs3202-9b5a764e.zones.eait.uq.edu.au [172.23.81.73], pleased to meet you
250-ENHANCEDSTATUSCODES
250-PIPELINING
250-8BITMIME
250-SIZE 67108864
250-DSN
250-ETRN
250-STARTTLS
250-DELIVERBY
250 HELP

from: 250 2.1.0 <a.student@uq.edu.au>... Sender ok

to: 250 2.1.5 <sen.wang1982@gmail.com>... Recipient ok

data: 354 Enter mail, end with "." on a line by itself


quit: 250 2.0.0 32U4ZoMj010101 Message accepted for delivery

The following SMTP error was encountered: 250 2.0.0 32U4ZoMj010101 Message accepted for delivery

The following SMTP error was encountered: 
