CRITICAL - 2023-04-25 00:29:08 --> Class "App\Controllers\Email" not found
in APPPATH/Controllers/User.php on line 72.
 1 SYSTEMPATH/CodeIgniter.php(934): App\Controllers\User->register()
 2 SYSTEMPATH/CodeIgniter.php(499): CodeIgniter\CodeIgniter->runController()
 3 SYSTEMPATH/CodeIgniter.php(368): CodeIgniter\CodeIgniter->handleRequest()
 4 FCPATH/index.php(67): CodeIgniter\CodeIgniter->run()
CRITICAL - 2023-04-25 00:31:06 --> strpos(): Argument #1 ($haystack) must be of type string, CodeIgniter\Email\Email given
in SYSTEMPATH/Email/Email.php on line 737.
 1 SYSTEMPATH/Email/Email.php(737): strpos()
 2 SYSTEMPATH/Email/Email.php(550): CodeIgniter\Email\Email->stringToArray()
 3 APPPATH/Controllers/User.php(95): CodeIgniter\Email\Email->setTo()
 4 SYSTEMPATH/CodeIgniter.php(934): App\Controllers\User->register()
 5 SYSTEMPATH/CodeIgniter.php(499): CodeIgniter\CodeIgniter->runController()
 6 SYSTEMPATH/CodeIgniter.php(368): CodeIgniter\CodeIgniter->handleRequest()
 7 FCPATH/index.php(67): CodeIgniter\CodeIgniter->run()
ERROR - 2023-04-25 00:33:06 --> Email: sendWithSmtp throwed ErrorException: stream_socket_enable_crypto(): SSL operation failed with code 1. OpenSSL Error messages:
error:141A318A:SSL routines:tls_process_ske_dhe:dh key too small in /var/www/htdocs/demo/system/Email/Email.php:1883
Stack trace:
#0 [internal function]: CodeIgniter\Debug\Exceptions->errorHandler()
#1 /var/www/htdocs/demo/system/Email/Email.php(1883): stream_socket_enable_crypto()
#2 /var/www/htdocs/demo/system/Email/Email.php(1782): CodeIgniter\Email\Email->SMTPConnect()
#3 /var/www/htdocs/demo/system/Email/Email.php(1667): CodeIgniter\Email\Email->sendWithSmtp()
#4 /var/www/htdocs/demo/system/Email/Email.php(1565): CodeIgniter\Email\Email->spoolEmail()
#5 /var/www/htdocs/demo/app/Controllers/User.php(100): CodeIgniter\Email\Email->send()
#6 /var/www/htdocs/demo/system/CodeIgniter.php(934): App\Controllers\User->register()
#7 /var/www/htdocs/demo/system/CodeIgniter.php(499): CodeIgniter\CodeIgniter->runController()
#8 /var/www/htdocs/demo/system/CodeIgniter.php(368): CodeIgniter\CodeIgniter->handleRequest()
#9 /var/www/htdocs/demo/public/index.php(67): CodeIgniter\CodeIgniter->run()
#10 {main}
ERROR - 2023-04-25 00:33:06 --> Email: Unable to send email using SMTP. Your server might not be configured to send mail using this method.
ERROR - 2023-04-25 00:33:06 --> 220 mailhub.eait.uq.edu.au ESMTP Sendmail 8.15.1/8.15.1; Tue, 25 Apr 2023 10:33:06 +1000 (AEST)

hello: 250-mailhub.eait.uq.edu.au Hello infs3202-07887fa4.zones.eait.uq.edu.au [172.23.81.200], pleased to meet you
250-ENHANCEDSTATUSCODES
250-PIPELINING
250-8BITMIME
250-SIZE 67108864
250-DSN
250-ETRN
250-STARTTLS
250-DELIVERBY
250 HELP

starttls: 220 2.0.0 Ready to start TLS

ERROR - 2023-04-25 00:36:07 --> Email: sendWithSmtp throwed ErrorException: stream_socket_enable_crypto(): SSL operation failed with code 1. OpenSSL Error messages:
error:141A318A:SSL routines:tls_process_ske_dhe:dh key too small in /var/www/htdocs/demo/system/Email/Email.php:1883
Stack trace:
#0 [internal function]: CodeIgniter\Debug\Exceptions->errorHandler()
#1 /var/www/htdocs/demo/system/Email/Email.php(1883): stream_socket_enable_crypto()
#2 /var/www/htdocs/demo/system/Email/Email.php(1782): CodeIgniter\Email\Email->SMTPConnect()
#3 /var/www/htdocs/demo/system/Email/Email.php(1667): CodeIgniter\Email\Email->sendWithSmtp()
#4 /var/www/htdocs/demo/system/Email/Email.php(1565): CodeIgniter\Email\Email->spoolEmail()
#5 /var/www/htdocs/demo/app/Controllers/User.php(100): CodeIgniter\Email\Email->send()
#6 /var/www/htdocs/demo/system/CodeIgniter.php(934): App\Controllers\User->register()
#7 /var/www/htdocs/demo/system/CodeIgniter.php(499): CodeIgniter\CodeIgniter->runController()
#8 /var/www/htdocs/demo/system/CodeIgniter.php(368): CodeIgniter\CodeIgniter->handleRequest()
#9 /var/www/htdocs/demo/public/index.php(67): CodeIgniter\CodeIgniter->run()
#10 {main}
ERROR - 2023-04-25 00:36:07 --> Email: Unable to send email using SMTP. Your server might not be configured to send mail using this method.
ERROR - 2023-04-25 00:36:07 --> 220 mailhub.eait.uq.edu.au ESMTP Sendmail 8.15.1/8.15.1; Tue, 25 Apr 2023 10:36:07 +1000 (AEST)

hello: 250-mailhub.eait.uq.edu.au Hello infs3202-07887fa4.zones.eait.uq.edu.au [172.23.81.200], pleased to meet you
250-ENHANCEDSTATUSCODES
250-PIPELINING
250-8BITMIME
250-SIZE 67108864
250-DSN
250-ETRN
250-STARTTLS
250-DELIVERBY
250 HELP

starttls: 220 2.0.0 Ready to start TLS

CRITICAL - 2023-04-25 00:46:02 --> Call to undefined method App\Models\User_model::verifiyEmail
in SYSTEMPATH/Model.php on line 842.
 1 APPPATH/Controllers/User.php(128): CodeIgniter\Model->__call()
 2 SYSTEMPATH/CodeIgniter.php(934): App\Controllers\User->verify_email()
 3 SYSTEMPATH/CodeIgniter.php(499): CodeIgniter\CodeIgniter->runController()
 4 SYSTEMPATH/CodeIgniter.php(368): CodeIgniter\CodeIgniter->handleRequest()
 5 FCPATH/index.php(67): CodeIgniter\CodeIgniter->run()
ERROR - 2023-04-25 00:46:54 --> mysqli_sql_exception: Unknown column 'token' in 'where clause' in /var/www/htdocs/demo/system/Database/MySQLi/Connection.php:295
Stack trace:
#0 /var/www/htdocs/demo/system/Database/MySQLi/Connection.php(295): mysqli->query()
#1 /var/www/htdocs/demo/system/Database/BaseConnection.php(691): CodeIgniter\Database\MySQLi\Connection->execute()
#2 /var/www/htdocs/demo/system/Database/BaseConnection.php(605): CodeIgniter\Database\BaseConnection->simpleQuery()
#3 /var/www/htdocs/demo/system/Database/BaseBuilder.php(2476): CodeIgniter\Database\BaseConnection->query()
#4 /var/www/htdocs/demo/app/Models/User_model.php(47): CodeIgniter\Database\BaseBuilder->update()
#5 /var/www/htdocs/demo/app/Controllers/User.php(128): App\Models\User_model->verifyEmail()
#6 /var/www/htdocs/demo/system/CodeIgniter.php(934): App\Controllers\User->verify_email()
#7 /var/www/htdocs/demo/system/CodeIgniter.php(499): CodeIgniter\CodeIgniter->runController()
#8 /var/www/htdocs/demo/system/CodeIgniter.php(368): CodeIgniter\CodeIgniter->handleRequest()
#9 /var/www/htdocs/demo/public/index.php(67): CodeIgniter\CodeIgniter->run()
#10 {main}
CRITICAL - 2023-04-25 00:46:54 --> Unknown column 'token' in 'where clause'
in SYSTEMPATH/Database/BaseConnection.php on line 645.
 1 SYSTEMPATH/Database/BaseBuilder.php(2476): CodeIgniter\Database\BaseConnection->query()
 2 APPPATH/Models/User_model.php(47): CodeIgniter\Database\BaseBuilder->update()
 3 APPPATH/Controllers/User.php(128): App\Models\User_model->verifyEmail()
 4 SYSTEMPATH/CodeIgniter.php(934): App\Controllers\User->verify_email()
 5 SYSTEMPATH/CodeIgniter.php(499): CodeIgniter\CodeIgniter->runController()
 6 SYSTEMPATH/CodeIgniter.php(368): CodeIgniter\CodeIgniter->handleRequest()
 7 FCPATH/index.php(67): CodeIgniter\CodeIgniter->run()
CRITICAL - 2023-04-25 05:35:40 --> Undefined variable $username
in APPPATH/Models/User_model.php on line 84.
 1 APPPATH/Models/User_model.php(84): CodeIgniter\Debug\Exceptions->errorHandler()
 2 APPPATH/Controllers/User.php(238): App\Models\User_model->reset_password()
 3 SYSTEMPATH/CodeIgniter.php(934): App\Controllers\User->reset_password()
 4 SYSTEMPATH/CodeIgniter.php(499): CodeIgniter\CodeIgniter->runController()
 5 SYSTEMPATH/CodeIgniter.php(368): CodeIgniter\CodeIgniter->handleRequest()
 6 FCPATH/index.php(67): CodeIgniter\CodeIgniter->run()
CRITICAL - 2023-04-25 06:25:02 --> file_get_contents(https://www.google.com/recaptcha/api/siteverify): Failed to open stream: HTTP request failed! HTTP/1.1 400 Bad Request

in APPPATH/Controllers/Login.php on line 52.
 1 [internal function]: CodeIgniter\Debug\Exceptions->errorHandler()
 2 APPPATH/Controllers/Login.php(52): file_get_contents()
 3 SYSTEMPATH/CodeIgniter.php(934): App\Controllers\Login->check_login()
 4 SYSTEMPATH/CodeIgniter.php(499): CodeIgniter\CodeIgniter->runController()
 5 SYSTEMPATH/CodeIgniter.php(368): CodeIgniter\CodeIgniter->handleRequest()
 6 FCPATH/index.php(67): CodeIgniter\CodeIgniter->run()
